<?xml version="1.0" encoding="UTF-8"?>
<testng-results ignored="0" total="2" passed="2" failed="0" skipped="0">
  <reporter-output>
  </reporter-output>
  <suite started-at="2021-02-13T15:16:10 EET" name="Suite1" finished-at="2021-02-13T15:16:40 EET" duration-ms="30089">
    <groups>
    </groups>
    <test started-at="2021-02-13T15:16:10 EET" name="Test1" finished-at="2021-02-13T15:16:40 EET" duration-ms="30089">
      <class name="test1.SearchGoogle2">
        <test-method is-config="true" signature="initiateChromeDriver()[pri:0, instance:test1.SearchGoogle2@d706f19]" started-at="2021-02-13T15:16:20 EET" name="initiateChromeDriver" finished-at="2021-02-13T15:16:30 EET" duration-ms="9708" status="PASS">
          <reporter-output>
          </reporter-output>
        </test-method> <!-- initiateChromeDriver -->
        <test-method signature="searchGoogle()[pri:0, instance:test1.SearchGoogle2@d706f19]" started-at="2021-02-13T15:16:30 EET" name="searchGoogle" finished-at="2021-02-13T15:16:36 EET" duration-ms="6697" status="PASS">
          <reporter-output>
          </reporter-output>
        </test-method> <!-- searchGoogle -->
        <test-method is-config="true" signature="closeChromeDriver()[pri:0, instance:test1.SearchGoogle2@d706f19]" started-at="2021-02-13T15:16:39 EET" name="closeChromeDriver" finished-at="2021-02-13T15:16:40 EET" duration-ms="1397" status="PASS">
          <reporter-output>
          </reporter-output>
        </test-method> <!-- closeChromeDriver -->
      </class> <!-- test1.SearchGoogle2 -->
      <class name="test1.SearchGoogle">
        <test-method is-config="true" signature="initiateChromeDriver()[pri:0, instance:test1.SearchGoogle@65d6b83b]" started-at="2021-02-13T15:16:10 EET" name="initiateChromeDriver" finished-at="2021-02-13T15:16:20 EET" duration-ms="9872" status="PASS">
          <reporter-output>
          </reporter-output>
        </test-method> <!-- initiateChromeDriver -->
        <test-method signature="searchGoogle()[pri:0, instance:test1.SearchGoogle@65d6b83b]" started-at="2021-02-13T15:16:30 EET" name="searchGoogle" finished-at="2021-02-13T15:16:37 EET" duration-ms="7608" status="PASS">
          <reporter-output>
          </reporter-output>
        </test-method> <!-- searchGoogle -->
        <test-method is-config="true" signature="closeChromeDriver()[pri:0, instance:test1.SearchGoogle@65d6b83b]" started-at="2021-02-13T15:16:37 EET" name="closeChromeDriver" finished-at="2021-02-13T15:16:39 EET" duration-ms="1447" status="PASS">
          <reporter-output>
          </reporter-output>
        </test-method> <!-- closeChromeDriver -->
      </class> <!-- test1.SearchGoogle -->
    </test> <!-- Test1 -->
  </suite> <!-- Suite1 -->
</testng-results>
