<?xml version="1.0" encoding="UTF-8"?>
<testng-results ignored="0" total="0" passed="0" failed="0" skipped="0">
  <reporter-output>
  </reporter-output>
  <suite started-at="2021-01-25T10:43:45 EET" name="hellowworld_shady.TestHelloWorld" finished-at="2021-01-25T10:43:45 EET" duration-ms="13">
    <groups>
    </groups>
    <test started-at="2021-01-25T10:43:45 EET" name="Command line test" finished-at="2021-01-25T10:43:45 EET" duration-ms="13">
    </test> <!-- Command line test -->
  </suite> <!-- hellowworld_shady.TestHelloWorld -->
</testng-results>
